<?xml version="1.0" encoding="UTF-8" standalone="no"?><testsuite errors="0" failures="0" name="Search by keyword" skipped="0" tests="14" time="0.55" timestamp="2022-02-13 09:53:55"><testcase name="Searching in LinkedIn"/><testcase name="Menambahkan postingan"/><testcase name="Menambahkan Postingan dengan photo"/><testcase name="Menambahkan Postingan dengan video"/><testcase name="Menambahkan Postingan dengan dokumen"/><testcase name="Menambahkan Postingan dengan polling"/><testcase name="Menambahkan komentar pada postingan"/><testcase name="Menambahkan komentar pada postingan dengan reaction"/><testcase name="Menambahkan komentar pada postingan dengan gambar"/><testcase name="Menyukai postingan pada feed"/><testcase name="Membagikan postingan"/><testcase name="Kirim postingan"/><testcase name="Melihat pengunjung profil LinkedIn"/><testcase name="Melihat pengunjung postingan"/></testsuite>